=== SCHEDULER VERIFY 2026-07-18T19:00:01+00:00 ===
2026/07/18 14:00:01 main.go:76: Database: /home/kara/.hermes/coding-hermes/scheduler.db (WAL mode)
2026/07/18 14:00:01 loop.go:242: goroutine count: 4
2026/07/18 14:00:01 loop.go:292: EVAL: 5 project(s) selected, 100/100 budget used
2026/07/18 14:00:01 spawn.go:290: SPAWN: alpha tick=alpha-2026-07-18-14-00-01 pid=1843833 workdir=/tmp/scheduler-verify-2532740933
2026/07/18 14:00:01 spawn.go:290: SPAWN: epsilon tick=epsilon-2026-07-18-14-00-01 pid=1843834 workdir=/tmp/scheduler-verify-2532740933
2026/07/18 14:00:01 spawn.go:290: SPAWN: gamma tick=gamma-2026-07-18-14-00-01 pid=1843837 workdir=/tmp/scheduler-verify-2532740933
2026/07/18 14:00:01 spawn.go:290: SPAWN: beta tick=beta-2026-07-18-14-00-01 pid=1843840 workdir=/tmp/scheduler-verify-2532740933
2026/07/18 14:00:01 spawn.go:290: SPAWN: zeta tick=zeta-2026-07-18-14-00-01 pid=1843843 workdir=/tmp/scheduler-verify-2532740933
2026/07/18 14:00:02 spawn.go:385: TICK: epsilon epsilon-2026-07-18-14-00-01 → failed (1s)
2026/07/18 14:00:03 spawn.go:385: TICK: alpha alpha-2026-07-18-14-00-01 → failed (2s)
2026/07/18 14:00:03 spawn.go:385: TICK: beta beta-2026-07-18-14-00-01 → failed (2s)
2026/07/18 14:00:04 loop.go:242: goroutine count: 6
2026/07/18 14:00:04 packer.go:125: PACKER: max concurrency reached (6), stopping
2026/07/18 14:00:04 loop.go:292: EVAL: 4 project(s) selected, 90/100 budget used
2026/07/18 14:00:04 spawn.go:290: SPAWN: alpha tick=alpha-2026-07-18-14-00-04 pid=1844043 workdir=/tmp/scheduler-verify-2532740933
2026/07/18 14:00:04 spawn.go:290: SPAWN: epsilon tick=epsilon-2026-07-18-14-00-04 pid=1844044 workdir=/tmp/scheduler-verify-2532740933
2026/07/18 14:00:04 spawn.go:290: SPAWN: beta tick=beta-2026-07-18-14-00-04 pid=1844046 workdir=/tmp/scheduler-verify-2532740933
2026/07/18 14:00:04 spawn.go:290: SPAWN: delta tick=delta-2026-07-18-14-00-04 pid=1844047 workdir=/tmp/scheduler-verify-2532740933
2026/07/18 14:00:04 spawn.go:385: TICK: gamma gamma-2026-07-18-14-00-01 → failed (3s)
2026/07/18 14:00:05 spawn.go:385: TICK: epsilon epsilon-2026-07-18-14-00-04 → failed (1s)
2026/07/18 14:00:06 spawn.go:385: TICK: beta beta-2026-07-18-14-00-04 → failed (2s)
2026/07/18 14:00:06 spawn.go:385: TICK: alpha alpha-2026-07-18-14-00-04 → failed (2s)
2026/07/18 14:00:06 spawn.go:385: TICK: zeta zeta-2026-07-18-14-00-01 → failed (5s)
2026/07/18 14:00:07 loop.go:242: goroutine count: 5
2026/07/18 14:00:07 loop.go:292: EVAL: 5 project(s) selected, 100/100 budget used
2026/07/18 14:00:07 spawn.go:290: SPAWN: alpha tick=alpha-2026-07-18-14-00-07 pid=1844190 workdir=/tmp/scheduler-verify-2532740933
2026/07/18 14:00:07 spawn.go:290: SPAWN: epsilon tick=epsilon-2026-07-18-14-00-07 pid=1844191 workdir=/tmp/scheduler-verify-2532740933
2026/07/18 14:00:07 spawn.go:290: SPAWN: gamma tick=gamma-2026-07-18-14-00-07 pid=1844193 workdir=/tmp/scheduler-verify-2532740933
2026/07/18 14:00:07 spawn.go:290: SPAWN: beta tick=beta-2026-07-18-14-00-07 pid=1844195 workdir=/tmp/scheduler-verify-2532740933
2026/07/18 14:00:07 spawn.go:290: SPAWN: zeta tick=zeta-2026-07-18-14-00-07 pid=1844197 workdir=/tmp/scheduler-verify-2532740933
2026/07/18 14:00:08 spawn.go:385: TICK: delta delta-2026-07-18-14-00-04 → failed (4s)
2026/07/18 14:00:08 spawn.go:385: TICK: epsilon epsilon-2026-07-18-14-00-07 → failed (1s)
2026/07/18 14:00:09 spawn.go:385: TICK: alpha alpha-2026-07-18-14-00-07 → failed (2s)
2026/07/18 14:00:09 spawn.go:385: TICK: beta beta-2026-07-18-14-00-07 → failed (2s)
2026/07/18 14:00:10 spawn.go:385: TICK: gamma gamma-2026-07-18-14-00-07 → failed (3s)
2026/07/18 14:00:12 spawn.go:385: TICK: zeta zeta-2026-07-18-14-00-07 → failed (5s)
  ✓ No hanging ticks                         0 hanging
  ✗ All 7 projects got ticks                 6/7
  ✓ Budget never exceeded                    3 eval groups checked
  ✓ No duplicate spawns per eval             0 duplicates across 3 evals
  ✓ Session IDs captured                     0 ticks without session ID
  ✓ Priority descending within evals         higher priority projects spawned first

---
6 checks, 1 failures
❌ VERIFY FAILED
2026/07/18 14:00:15 main.go:96: VERIFY FAILED: 1/6 checks failed
