=== SCHEDULER VERIFY 2026-07-20T05:00:01+00:00 ===
2026/07/20 00:00:02 main.go:77: Database: /home/kara/.hermes/coding-hermes/scheduler.db (WAL mode)
2026/07/20 00:00:02 packer.go:132: PACKER-SORTED[0]: alpha urgency=9.0 pri=9 last=nil
2026/07/20 00:00:02 packer.go:132: PACKER-SORTED[1]: epsilon urgency=9.0 pri=9 last=nil
2026/07/20 00:00:02 packer.go:132: PACKER-SORTED[2]: gamma urgency=8.0 pri=8 last=nil
2026/07/20 00:00:02 packer.go:132: PACKER-SORTED[3]: beta urgency=7.0 pri=7 last=nil
2026/07/20 00:00:02 packer.go:132: PACKER-SORTED[4]: delta urgency=4.0 pri=4 last=nil
2026/07/20 00:00:02 packer.go:132: PACKER-SORTED[5]: zeta urgency=2.0 pri=2 last=nil
2026/07/20 00:00:02 packer.go:132: PACKER-SORTED[6]: eta urgency=1.0 pri=1 last=nil
2026/07/20 00:00:02 loop.go:338: EVAL: 5 project(s) selected, 100/100 budget used
2026/07/20 00:00:02 slot_pool.go:116: SLOT: acquired for epsilon (1/6 running)
2026/07/20 00:00:02 slot_pool.go:116: SLOT: acquired for gamma (2/6 running)
2026/07/20 00:00:02 slot_pool.go:116: SLOT: acquired for beta (3/6 running)
2026/07/20 00:00:02 slot_pool.go:116: SLOT: acquired for zeta (4/6 running)
2026/07/20 00:00:02 slot_pool.go:116: SLOT: acquired for alpha (5/6 running)
2026/07/20 00:00:02 spawn.go:327: SPAWN: beta tick=beta-2026-07-20-00-00-02 pid=871540 workdir=/tmp/scheduler-verify-3709198297
2026/07/20 00:00:02 spawn.go:327: SPAWN: epsilon tick=epsilon-2026-07-20-00-00-02 pid=871539 workdir=/tmp/scheduler-verify-3709198297
2026/07/20 00:00:02 spawn.go:327: SPAWN: alpha tick=alpha-2026-07-20-00-00-02 pid=871544 workdir=/tmp/scheduler-verify-3709198297
2026/07/20 00:00:02 spawn.go:327: SPAWN: zeta tick=zeta-2026-07-20-00-00-02 pid=871542 workdir=/tmp/scheduler-verify-3709198297
2026/07/20 00:00:02 spawn.go:327: SPAWN: gamma tick=gamma-2026-07-20-00-00-02 pid=871547 workdir=/tmp/scheduler-verify-3709198297
2026/07/20 00:00:03 spawn.go:422: TICK: epsilon epsilon-2026-07-20-00-00-02 → failed (1s)
2026/07/20 00:00:04 spawn.go:422: TICK: beta beta-2026-07-20-00-00-02 → failed (2s)
2026/07/20 00:00:04 spawn.go:422: TICK: alpha alpha-2026-07-20-00-00-02 → failed (2s)
2026/07/20 00:00:05 packer.go:132: PACKER-SORTED[0]: alpha urgency=9.0 pri=9 last=nil
2026/07/20 00:00:05 packer.go:132: PACKER-SORTED[1]: epsilon urgency=9.0 pri=9 last=nil
2026/07/20 00:00:05 packer.go:132: PACKER-SORTED[2]: gamma urgency=8.0 pri=8 last=nil
2026/07/20 00:00:05 packer.go:132: PACKER-SORTED[3]: beta urgency=7.0 pri=7 last=nil
2026/07/20 00:00:05 packer.go:132: PACKER-SORTED[4]: delta urgency=4.0 pri=4 last=nil
2026/07/20 00:00:05 packer.go:132: PACKER-SORTED[5]: zeta urgency=2.0 pri=2 last=nil
2026/07/20 00:00:05 packer.go:132: PACKER-SORTED[6]: eta urgency=1.0 pri=1 last=nil
2026/07/20 00:00:05 packer.go:160: PACKER: max concurrency reached (6), stopping
2026/07/20 00:00:05 loop.go:338: EVAL: 4 project(s) selected, 80/100 budget used
2026/07/20 00:00:05 slot_pool.go:116: SLOT: acquired for beta (3/6 running)
2026/07/20 00:00:05 slot_pool.go:116: SLOT: acquired for gamma (4/6 running)
2026/07/20 00:00:05 slot_pool.go:116: SLOT: acquired for delta (5/6 running)
2026/07/20 00:00:05 slot_pool.go:116: SLOT: acquired for epsilon (6/6 running)
2026/07/20 00:00:05 spawn.go:327: SPAWN: beta tick=beta-2026-07-20-00-00-05 pid=872150 workdir=/tmp/scheduler-verify-3709198297
2026/07/20 00:00:05 spawn.go:327: SPAWN: gamma tick=gamma-2026-07-20-00-00-05 pid=872151 workdir=/tmp/scheduler-verify-3709198297
2026/07/20 00:00:05 spawn.go:327: SPAWN: epsilon tick=epsilon-2026-07-20-00-00-05 pid=872152 workdir=/tmp/scheduler-verify-3709198297
2026/07/20 00:00:05 spawn.go:327: SPAWN: delta tick=delta-2026-07-20-00-00-05 pid=872153 workdir=/tmp/scheduler-verify-3709198297
2026/07/20 00:00:05 spawn.go:422: TICK: gamma gamma-2026-07-20-00-00-02 → failed (3s)
2026/07/20 00:00:06 spawn.go:422: TICK: epsilon epsilon-2026-07-20-00-00-05 → failed (1s)
2026/07/20 00:00:07 spawn.go:422: TICK: zeta zeta-2026-07-20-00-00-02 → failed (5s)
2026/07/20 00:00:07 spawn.go:422: TICK: beta beta-2026-07-20-00-00-05 → failed (2s)
2026/07/20 00:00:08 packer.go:132: PACKER-SORTED[0]: alpha urgency=9.0 pri=9 last=nil
2026/07/20 00:00:08 packer.go:132: PACKER-SORTED[1]: epsilon urgency=9.0 pri=9 last=nil
2026/07/20 00:00:08 packer.go:132: PACKER-SORTED[2]: gamma urgency=8.0 pri=8 last=nil
2026/07/20 00:00:08 packer.go:132: PACKER-SORTED[3]: beta urgency=7.0 pri=7 last=nil
2026/07/20 00:00:08 packer.go:132: PACKER-SORTED[4]: delta urgency=4.0 pri=4 last=nil
2026/07/20 00:00:08 packer.go:132: PACKER-SORTED[5]: zeta urgency=2.0 pri=2 last=nil
2026/07/20 00:00:08 packer.go:132: PACKER-SORTED[6]: eta urgency=1.0 pri=1 last=nil
2026/07/20 00:00:08 packer.go:160: PACKER: max concurrency reached (6), stopping
2026/07/20 00:00:08 loop.go:338: EVAL: 4 project(s) selected, 90/100 budget used
2026/07/20 00:00:08 slot_pool.go:116: SLOT: acquired for gamma (3/6 running)
2026/07/20 00:00:08 slot_pool.go:116: SLOT: acquired for beta (4/6 running)
2026/07/20 00:00:08 slot_pool.go:116: SLOT: acquired for alpha (5/6 running)
2026/07/20 00:00:08 slot_pool.go:116: SLOT: acquired for zeta (6/6 running)
2026/07/20 00:00:08 spawn.go:327: SPAWN: zeta tick=zeta-2026-07-20-00-00-08 pid=872342 workdir=/tmp/scheduler-verify-3709198297
2026/07/20 00:00:08 spawn.go:327: SPAWN: beta tick=beta-2026-07-20-00-00-08 pid=872344 workdir=/tmp/scheduler-verify-3709198297
2026/07/20 00:00:08 spawn.go:327: SPAWN: gamma tick=gamma-2026-07-20-00-00-08 pid=872343 workdir=/tmp/scheduler-verify-3709198297
2026/07/20 00:00:08 spawn.go:327: SPAWN: alpha tick=alpha-2026-07-20-00-00-08 pid=872345 workdir=/tmp/scheduler-verify-3709198297
2026/07/20 00:00:08 spawn.go:422: TICK: gamma gamma-2026-07-20-00-00-05 → failed (3s)
2026/07/20 00:00:09 spawn.go:422: TICK: delta delta-2026-07-20-00-00-05 → failed (4s)
2026/07/20 00:00:10 spawn.go:422: TICK: beta beta-2026-07-20-00-00-08 → failed (2s)
2026/07/20 00:00:10 spawn.go:422: TICK: alpha alpha-2026-07-20-00-00-08 → failed (2s)
2026/07/20 00:00:11 spawn.go:422: TICK: gamma gamma-2026-07-20-00-00-08 → failed (3s)
2026/07/20 00:00:13 spawn.go:422: TICK: zeta zeta-2026-07-20-00-00-08 → failed (5s)
  ✓ No hanging ticks                         0 hanging
  ✗ All 7 projects got ticks                 6/7
  ✓ Budget never exceeded                    3 eval groups checked
  ✓ No duplicate spawns per eval             0 duplicates across 3 evals
  ✓ Session IDs captured                     0 ticks without session ID
  ✗ Priority descending within evals         higher priority projects spawned first

---
6 checks, 2 failures
❌ VERIFY FAILED
2026/07/20 00:00:16 main.go:97: VERIFY FAILED: 2/6 checks failed
