=== SCHEDULER VERIFY 2026-07-18T07:00:01+00:00 ===
2026/07/18 02:00:01 main.go:55: Database: /home/kara/.hermes/scheduler.db (WAL mode)
2026/07/18 02:00:01 loop.go:205: goroutine count: 4
2026/07/18 02:00:01 loop.go:255: EVAL: 5 project(s) selected, 100/100 budget used
2026/07/18 02:00:01 spawn.go:218: SPAWN: alpha tick=alpha-2026-07-18-02-00-01 pid=2193961 workdir=/tmp/scheduler-verify-4288937617
2026/07/18 02:00:01 spawn.go:218: SPAWN: epsilon tick=epsilon-2026-07-18-02-00-01 pid=2193962 workdir=/tmp/scheduler-verify-4288937617
2026/07/18 02:00:01 spawn.go:218: SPAWN: gamma tick=gamma-2026-07-18-02-00-01 pid=2193965 workdir=/tmp/scheduler-verify-4288937617
2026/07/18 02:00:01 spawn.go:218: SPAWN: beta tick=beta-2026-07-18-02-00-01 pid=2193973 workdir=/tmp/scheduler-verify-4288937617
2026/07/18 02:00:01 spawn.go:218: SPAWN: zeta tick=zeta-2026-07-18-02-00-01 pid=2193978 workdir=/tmp/scheduler-verify-4288937617
2026/07/18 02:00:02 spawn.go:295: TICK: epsilon epsilon-2026-07-18-02-00-01 → failed (1s)
2026/07/18 02:00:03 spawn.go:295: TICK: alpha alpha-2026-07-18-02-00-01 → failed (2s)
2026/07/18 02:00:03 spawn.go:295: TICK: beta beta-2026-07-18-02-00-01 → failed (2s)
2026/07/18 02:00:04 loop.go:205: goroutine count: 6
2026/07/18 02:00:04 packer.go:124: PACKER: max concurrency reached (6), stopping
2026/07/18 02:00:04 loop.go:255: EVAL: 4 project(s) selected, 90/100 budget used
2026/07/18 02:00:04 spawn.go:218: SPAWN: alpha tick=alpha-2026-07-18-02-00-04 pid=2194493 workdir=/tmp/scheduler-verify-4288937617
2026/07/18 02:00:04 spawn.go:218: SPAWN: epsilon tick=epsilon-2026-07-18-02-00-04 pid=2194494 workdir=/tmp/scheduler-verify-4288937617
2026/07/18 02:00:04 spawn.go:218: SPAWN: beta tick=beta-2026-07-18-02-00-04 pid=2194496 workdir=/tmp/scheduler-verify-4288937617
2026/07/18 02:00:04 spawn.go:218: SPAWN: delta tick=delta-2026-07-18-02-00-04 pid=2194499 workdir=/tmp/scheduler-verify-4288937617
2026/07/18 02:00:04 spawn.go:295: TICK: gamma gamma-2026-07-18-02-00-01 → failed (3s)
2026/07/18 02:00:05 spawn.go:295: TICK: epsilon epsilon-2026-07-18-02-00-04 → failed (1s)
2026/07/18 02:00:06 spawn.go:295: TICK: zeta zeta-2026-07-18-02-00-01 → failed (5s)
2026/07/18 02:00:06 spawn.go:295: TICK: alpha alpha-2026-07-18-02-00-04 → failed (2s)
2026/07/18 02:00:06 spawn.go:295: TICK: beta beta-2026-07-18-02-00-04 → failed (2s)
2026/07/18 02:00:07 loop.go:205: goroutine count: 5
2026/07/18 02:00:07 loop.go:255: EVAL: 5 project(s) selected, 100/100 budget used
2026/07/18 02:00:07 spawn.go:218: SPAWN: alpha tick=alpha-2026-07-18-02-00-07 pid=2194849 workdir=/tmp/scheduler-verify-4288937617
2026/07/18 02:00:07 spawn.go:218: SPAWN: epsilon tick=epsilon-2026-07-18-02-00-07 pid=2194850 workdir=/tmp/scheduler-verify-4288937617
2026/07/18 02:00:07 spawn.go:218: SPAWN: gamma tick=gamma-2026-07-18-02-00-07 pid=2194852 workdir=/tmp/scheduler-verify-4288937617
2026/07/18 02:00:07 spawn.go:218: SPAWN: beta tick=beta-2026-07-18-02-00-07 pid=2194854 workdir=/tmp/scheduler-verify-4288937617
2026/07/18 02:00:07 spawn.go:218: SPAWN: zeta tick=zeta-2026-07-18-02-00-07 pid=2194856 workdir=/tmp/scheduler-verify-4288937617
2026/07/18 02:00:08 spawn.go:295: TICK: delta delta-2026-07-18-02-00-04 → failed (4s)
2026/07/18 02:00:08 spawn.go:295: TICK: epsilon epsilon-2026-07-18-02-00-07 → failed (1s)
2026/07/18 02:00:09 spawn.go:295: TICK: alpha alpha-2026-07-18-02-00-07 → failed (2s)
2026/07/18 02:00:09 spawn.go:295: TICK: beta beta-2026-07-18-02-00-07 → failed (2s)
2026/07/18 02:00:10 spawn.go:295: TICK: gamma gamma-2026-07-18-02-00-07 → failed (3s)
2026/07/18 02:00:12 spawn.go:295: TICK: zeta zeta-2026-07-18-02-00-07 → failed (5s)
  ✓ No hanging ticks                         0 hanging
  ✗ All 7 projects got ticks                 6/7
  ✓ Budget never exceeded                    3 eval groups checked
  ✓ No duplicate spawns per eval             0 duplicates across 3 evals
  ✓ Session IDs captured                     0 ticks without session ID
  ✓ Priority descending within evals         higher priority projects spawned first

---
6 checks, 1 failures
❌ VERIFY FAILED
2026/07/18 02:00:15 main.go:60: VERIFY FAILED: 1/6 checks failed
