=== SCHEDULER VERIFY 2026-07-19T11:00:01+00:00 ===
2026/07/19 06:00:01 main.go:76: Database: /home/kara/.hermes/coding-hermes/scheduler.db (WAL mode)
2026/07/19 06:00:01 packer.go:128: PACKER-SORTED[0]: alpha urgency=9.0 pri=9 last=nil
2026/07/19 06:00:01 packer.go:128: PACKER-SORTED[1]: epsilon urgency=9.0 pri=9 last=nil
2026/07/19 06:00:01 packer.go:128: PACKER-SORTED[2]: gamma urgency=8.0 pri=8 last=nil
2026/07/19 06:00:01 packer.go:128: PACKER-SORTED[3]: beta urgency=7.0 pri=7 last=nil
2026/07/19 06:00:01 packer.go:128: PACKER-SORTED[4]: delta urgency=4.0 pri=4 last=nil
2026/07/19 06:00:01 packer.go:128: PACKER-SORTED[5]: zeta urgency=2.0 pri=2 last=nil
2026/07/19 06:00:01 packer.go:128: PACKER-SORTED[6]: eta urgency=1.0 pri=1 last=nil
2026/07/19 06:00:01 loop.go:278: EVAL: 5 project(s) selected, 100/100 budget used
2026/07/19 06:00:01 slot_pool.go:93: SLOT: acquired for alpha (1/6 running)
2026/07/19 06:00:01 slot_pool.go:93: SLOT: acquired for beta (2/6 running)
2026/07/19 06:00:01 slot_pool.go:93: SLOT: acquired for zeta (3/6 running)
2026/07/19 06:00:01 slot_pool.go:93: SLOT: acquired for gamma (4/6 running)
2026/07/19 06:00:01 slot_pool.go:93: SLOT: acquired for epsilon (5/6 running)
2026/07/19 06:00:01 spawn.go:303: SPAWN: alpha tick=alpha-2026-07-19-06-00-01 pid=3403305 workdir=/tmp/scheduler-verify-226738866
2026/07/19 06:00:01 spawn.go:303: SPAWN: gamma tick=gamma-2026-07-19-06-00-01 pid=3403306 workdir=/tmp/scheduler-verify-226738866
2026/07/19 06:00:01 spawn.go:303: SPAWN: beta tick=beta-2026-07-19-06-00-01 pid=3403307 workdir=/tmp/scheduler-verify-226738866
2026/07/19 06:00:01 spawn.go:303: SPAWN: zeta tick=zeta-2026-07-19-06-00-01 pid=3403310 workdir=/tmp/scheduler-verify-226738866
2026/07/19 06:00:01 spawn.go:303: SPAWN: epsilon tick=epsilon-2026-07-19-06-00-01 pid=3403313 workdir=/tmp/scheduler-verify-226738866
2026/07/19 06:00:02 spawn.go:398: TICK: epsilon epsilon-2026-07-19-06-00-01 → failed (1s)
2026/07/19 06:00:03 spawn.go:398: TICK: alpha alpha-2026-07-19-06-00-01 → failed (2s)
2026/07/19 06:00:03 spawn.go:398: TICK: beta beta-2026-07-19-06-00-01 → failed (2s)
2026/07/19 06:00:04 packer.go:128: PACKER-SORTED[0]: alpha urgency=9.0 pri=9 last=nil
2026/07/19 06:00:04 packer.go:128: PACKER-SORTED[1]: epsilon urgency=9.0 pri=9 last=nil
2026/07/19 06:00:04 packer.go:128: PACKER-SORTED[2]: gamma urgency=8.0 pri=8 last=nil
2026/07/19 06:00:04 packer.go:128: PACKER-SORTED[3]: beta urgency=7.0 pri=7 last=nil
2026/07/19 06:00:04 packer.go:128: PACKER-SORTED[4]: delta urgency=4.0 pri=4 last=nil
2026/07/19 06:00:04 packer.go:128: PACKER-SORTED[5]: zeta urgency=2.0 pri=2 last=nil
2026/07/19 06:00:04 packer.go:128: PACKER-SORTED[6]: eta urgency=1.0 pri=1 last=nil
2026/07/19 06:00:04 packer.go:156: PACKER: max concurrency reached (6), stopping
2026/07/19 06:00:04 loop.go:278: EVAL: 4 project(s) selected, 90/100 budget used
2026/07/19 06:00:04 slot_pool.go:93: SLOT: acquired for beta (3/6 running)
2026/07/19 06:00:04 slot_pool.go:93: SLOT: acquired for alpha (4/6 running)
2026/07/19 06:00:04 slot_pool.go:93: SLOT: acquired for zeta (5/6 running)
2026/07/19 06:00:04 slot_pool.go:93: SLOT: acquired for delta (6/6 running)
2026/07/19 06:00:04 spawn.go:303: SPAWN: alpha tick=alpha-2026-07-19-06-00-04 pid=3403642 workdir=/tmp/scheduler-verify-226738866
2026/07/19 06:00:04 spawn.go:303: SPAWN: beta tick=beta-2026-07-19-06-00-04 pid=3403643 workdir=/tmp/scheduler-verify-226738866
2026/07/19 06:00:04 spawn.go:303: SPAWN: zeta tick=zeta-2026-07-19-06-00-04 pid=3403644 workdir=/tmp/scheduler-verify-226738866
2026/07/19 06:00:04 spawn.go:303: SPAWN: delta tick=delta-2026-07-19-06-00-04 pid=3403645 workdir=/tmp/scheduler-verify-226738866
2026/07/19 06:00:04 spawn.go:398: TICK: gamma gamma-2026-07-19-06-00-01 → failed (3s)
2026/07/19 06:00:06 spawn.go:398: TICK: zeta zeta-2026-07-19-06-00-01 → failed (5s)
2026/07/19 06:00:06 spawn.go:398: TICK: beta beta-2026-07-19-06-00-04 → failed (2s)
2026/07/19 06:00:06 spawn.go:398: TICK: alpha alpha-2026-07-19-06-00-04 → failed (2s)
2026/07/19 06:00:07 packer.go:128: PACKER-SORTED[0]: alpha urgency=9.0 pri=9 last=nil
2026/07/19 06:00:07 packer.go:128: PACKER-SORTED[1]: epsilon urgency=9.0 pri=9 last=nil
2026/07/19 06:00:07 packer.go:128: PACKER-SORTED[2]: gamma urgency=8.0 pri=8 last=nil
2026/07/19 06:00:07 packer.go:128: PACKER-SORTED[3]: beta urgency=7.0 pri=7 last=nil
2026/07/19 06:00:07 packer.go:128: PACKER-SORTED[4]: delta urgency=4.0 pri=4 last=nil
2026/07/19 06:00:07 packer.go:128: PACKER-SORTED[5]: zeta urgency=2.0 pri=2 last=nil
2026/07/19 06:00:07 packer.go:128: PACKER-SORTED[6]: eta urgency=1.0 pri=1 last=nil
2026/07/19 06:00:07 packer.go:156: PACKER: max concurrency reached (6), stopping
2026/07/19 06:00:07 loop.go:278: EVAL: 4 project(s) selected, 90/100 budget used
2026/07/19 06:00:07 slot_pool.go:93: SLOT: acquired for gamma (3/6 running)
2026/07/19 06:00:07 slot_pool.go:93: SLOT: acquired for alpha (4/6 running)
2026/07/19 06:00:07 slot_pool.go:93: SLOT: acquired for epsilon (5/6 running)
2026/07/19 06:00:07 slot_pool.go:93: SLOT: acquired for beta (6/6 running)
2026/07/19 06:00:07 spawn.go:303: SPAWN: epsilon tick=epsilon-2026-07-19-06-00-07 pid=3403992 workdir=/tmp/scheduler-verify-226738866
2026/07/19 06:00:07 spawn.go:303: SPAWN: alpha tick=alpha-2026-07-19-06-00-07 pid=3403994 workdir=/tmp/scheduler-verify-226738866
2026/07/19 06:00:07 spawn.go:303: SPAWN: gamma tick=gamma-2026-07-19-06-00-07 pid=3403993 workdir=/tmp/scheduler-verify-226738866
2026/07/19 06:00:07 spawn.go:303: SPAWN: beta tick=beta-2026-07-19-06-00-07 pid=3403996 workdir=/tmp/scheduler-verify-226738866
2026/07/19 06:00:08 spawn.go:398: TICK: delta delta-2026-07-19-06-00-04 → failed (4s)
2026/07/19 06:00:08 spawn.go:398: TICK: epsilon epsilon-2026-07-19-06-00-07 → failed (1s)
2026/07/19 06:00:09 spawn.go:398: TICK: zeta zeta-2026-07-19-06-00-04 → failed (5s)
2026/07/19 06:00:09 spawn.go:398: TICK: alpha alpha-2026-07-19-06-00-07 → failed (2s)
2026/07/19 06:00:10 spawn.go:398: TICK: beta beta-2026-07-19-06-00-07 → failed (2s)
