=== SCHEDULER VERIFY 2026-07-17T07:00:02+00:00 ===
2026/07/17 02:00:02 main.go:54: Database: /home/kara/.hermes/scheduler.db (WAL mode)
2026/07/17 02:00:02 loop.go:229: EVAL: 5 project(s) selected, 100/100 budget used
2026/07/17 02:00:02 spawn.go:189: SPAWN: alpha tick=alpha-2026-07-17-02-00-02 pid=1201006 workdir=/tmp/scheduler-verify-2165867870
2026/07/17 02:00:02 spawn.go:189: SPAWN: epsilon tick=epsilon-2026-07-17-02-00-02 pid=1201007 workdir=/tmp/scheduler-verify-2165867870
2026/07/17 02:00:02 spawn.go:189: SPAWN: gamma tick=gamma-2026-07-17-02-00-02 pid=1201009 workdir=/tmp/scheduler-verify-2165867870
2026/07/17 02:00:02 spawn.go:189: SPAWN: beta tick=beta-2026-07-17-02-00-02 pid=1201012 workdir=/tmp/scheduler-verify-2165867870
2026/07/17 02:00:02 spawn.go:189: SPAWN: zeta tick=zeta-2026-07-17-02-00-02 pid=1201015 workdir=/tmp/scheduler-verify-2165867870
2026/07/17 02:00:03 spawn.go:258: TICK: epsilon epsilon-2026-07-17-02-00-02 → completed (1s)
2026/07/17 02:00:04 spawn.go:258: TICK: beta beta-2026-07-17-02-00-02 → completed (2s)
2026/07/17 02:00:04 spawn.go:258: TICK: alpha alpha-2026-07-17-02-00-02 → completed (2s)
2026/07/17 02:00:05 loop.go:229: EVAL: 2 project(s) selected, 25/100 budget used
2026/07/17 02:00:05 spawn.go:189: SPAWN: delta tick=delta-2026-07-17-02-00-05 pid=1201118 workdir=/tmp/scheduler-verify-2165867870
2026/07/17 02:00:05 spawn.go:189: SPAWN: eta tick=eta-2026-07-17-02-00-05 pid=1201119 workdir=/tmp/scheduler-verify-2165867870
2026/07/17 02:00:05 spawn.go:258: TICK: gamma gamma-2026-07-17-02-00-02 → completed (3s)
2026/07/17 02:00:07 spawn.go:258: TICK: zeta zeta-2026-07-17-02-00-02 → completed (5s)
2026/07/17 02:00:08 loop.go:229: EVAL: 1 project(s) selected, 10/100 budget used
2026/07/17 02:00:08 spawn.go:189: SPAWN: epsilon tick=epsilon-2026-07-17-02-00-08 pid=1201333 workdir=/tmp/scheduler-verify-2165867870
2026/07/17 02:00:09 spawn.go:258: TICK: delta delta-2026-07-17-02-00-05 → completed (4s)
2026/07/17 02:00:09 spawn.go:258: TICK: epsilon epsilon-2026-07-17-02-00-08 → completed (1s)
2026/07/17 02:00:15 spawn.go:258: TICK: eta eta-2026-07-17-02-00-05 → completed (10s)
  ✓ No hanging ticks                         0 hanging
  ✓ All 7 projects got ticks                 7/7
  ✓ Budget never exceeded                    3 eval groups checked
  ✓ No duplicate spawns per eval             0 duplicates across 3 evals
  ✓ Session IDs captured                     0 ticks without session ID
  ✓ Priority descending within evals         higher priority projects spawned first

---
6 checks, 0 failures
✅ SCHEDULER VERIFIED
✅ SCHEDULER VERIFIED
