=== SCHEDULER VERIFY 2026-07-18T15:00:01+00:00 ===
2026/07/18 10:00:01 main.go:60: Database: /home/kara/.hermes/coding-hermes/scheduler.db (WAL mode)
2026/07/18 10:00:01 loop.go:237: goroutine count: 4
2026/07/18 10:00:01 loop.go:287: EVAL: 5 project(s) selected, 100/100 budget used
2026/07/18 10:00:01 spawn.go:273: SPAWN: alpha tick=alpha-2026-07-18-10-00-01 pid=968782 workdir=/tmp/scheduler-verify-1080875655
2026/07/18 10:00:01 spawn.go:273: SPAWN: epsilon tick=epsilon-2026-07-18-10-00-01 pid=968783 workdir=/tmp/scheduler-verify-1080875655
2026/07/18 10:00:01 spawn.go:273: SPAWN: gamma tick=gamma-2026-07-18-10-00-01 pid=968785 workdir=/tmp/scheduler-verify-1080875655
2026/07/18 10:00:01 spawn.go:273: SPAWN: beta tick=beta-2026-07-18-10-00-01 pid=968788 workdir=/tmp/scheduler-verify-1080875655
2026/07/18 10:00:01 spawn.go:273: SPAWN: zeta tick=zeta-2026-07-18-10-00-01 pid=968792 workdir=/tmp/scheduler-verify-1080875655
2026/07/18 10:00:02 spawn.go:368: TICK: epsilon epsilon-2026-07-18-10-00-01 → failed (1s)
2026/07/18 10:00:03 spawn.go:368: TICK: alpha alpha-2026-07-18-10-00-01 → failed (2s)
2026/07/18 10:00:03 spawn.go:368: TICK: beta beta-2026-07-18-10-00-01 → failed (2s)
2026/07/18 10:00:04 loop.go:237: goroutine count: 6
2026/07/18 10:00:04 packer.go:124: PACKER: max concurrency reached (6), stopping
2026/07/18 10:00:04 loop.go:287: EVAL: 4 project(s) selected, 90/100 budget used
2026/07/18 10:00:04 spawn.go:273: SPAWN: alpha tick=alpha-2026-07-18-10-00-04 pid=968930 workdir=/tmp/scheduler-verify-1080875655
2026/07/18 10:00:04 spawn.go:273: SPAWN: epsilon tick=epsilon-2026-07-18-10-00-04 pid=968931 workdir=/tmp/scheduler-verify-1080875655
2026/07/18 10:00:04 spawn.go:273: SPAWN: beta tick=beta-2026-07-18-10-00-04 pid=968932 workdir=/tmp/scheduler-verify-1080875655
2026/07/18 10:00:04 spawn.go:273: SPAWN: delta tick=delta-2026-07-18-10-00-04 pid=968935 workdir=/tmp/scheduler-verify-1080875655
2026/07/18 10:00:04 spawn.go:368: TICK: gamma gamma-2026-07-18-10-00-01 → failed (3s)
2026/07/18 10:00:05 spawn.go:368: TICK: epsilon epsilon-2026-07-18-10-00-04 → failed (1s)
2026/07/18 10:00:06 spawn.go:368: TICK: zeta zeta-2026-07-18-10-00-01 → failed (5s)
2026/07/18 10:00:06 spawn.go:368: TICK: beta beta-2026-07-18-10-00-04 → failed (2s)
2026/07/18 10:00:06 spawn.go:368: TICK: alpha alpha-2026-07-18-10-00-04 → failed (2s)
2026/07/18 10:00:07 loop.go:237: goroutine count: 5
2026/07/18 10:00:07 loop.go:287: EVAL: 5 project(s) selected, 100/100 budget used
2026/07/18 10:00:07 spawn.go:273: SPAWN: alpha tick=alpha-2026-07-18-10-00-07 pid=969130 workdir=/tmp/scheduler-verify-1080875655
2026/07/18 10:00:07 spawn.go:273: SPAWN: epsilon tick=epsilon-2026-07-18-10-00-07 pid=969131 workdir=/tmp/scheduler-verify-1080875655
2026/07/18 10:00:07 spawn.go:273: SPAWN: gamma tick=gamma-2026-07-18-10-00-07 pid=969132 workdir=/tmp/scheduler-verify-1080875655
2026/07/18 10:00:07 spawn.go:273: SPAWN: beta tick=beta-2026-07-18-10-00-07 pid=969135 workdir=/tmp/scheduler-verify-1080875655
2026/07/18 10:00:07 spawn.go:273: SPAWN: zeta tick=zeta-2026-07-18-10-00-07 pid=969137 workdir=/tmp/scheduler-verify-1080875655
2026/07/18 10:00:08 spawn.go:368: TICK: epsilon epsilon-2026-07-18-10-00-07 → failed (1s)
2026/07/18 10:00:08 spawn.go:368: TICK: delta delta-2026-07-18-10-00-04 → failed (4s)
2026/07/18 10:00:09 spawn.go:368: TICK: alpha alpha-2026-07-18-10-00-07 → failed (2s)
2026/07/18 10:00:09 spawn.go:368: TICK: beta beta-2026-07-18-10-00-07 → failed (2s)
2026/07/18 10:00:10 spawn.go:368: TICK: gamma gamma-2026-07-18-10-00-07 → failed (3s)
2026/07/18 10:00:12 spawn.go:368: TICK: zeta zeta-2026-07-18-10-00-07 → failed (5s)
  ✓ No hanging ticks                         0 hanging
  ✗ All 7 projects got ticks                 6/7
  ✓ Budget never exceeded                    3 eval groups checked
  ✓ No duplicate spawns per eval             0 duplicates across 3 evals
  ✓ Session IDs captured                     0 ticks without session ID
  ✓ Priority descending within evals         higher priority projects spawned first

---
6 checks, 1 failures
❌ VERIFY FAILED
2026/07/18 10:00:15 main.go:80: VERIFY FAILED: 1/6 checks failed
