=== SCHEDULER VERIFY 2026-07-19T19:00:01+00:00 ===
2026/07/19 14:00:01 main.go:76: Database: /home/kara/.hermes/coding-hermes/scheduler.db (WAL mode)
2026/07/19 14:00:01 packer.go:132: PACKER-SORTED[0]: alpha urgency=9.0 pri=9 last=nil
2026/07/19 14:00:01 packer.go:132: PACKER-SORTED[1]: epsilon urgency=9.0 pri=9 last=nil
2026/07/19 14:00:01 packer.go:132: PACKER-SORTED[2]: gamma urgency=8.0 pri=8 last=nil
2026/07/19 14:00:01 packer.go:132: PACKER-SORTED[3]: beta urgency=7.0 pri=7 last=nil
2026/07/19 14:00:01 packer.go:132: PACKER-SORTED[4]: delta urgency=4.0 pri=4 last=nil
2026/07/19 14:00:01 packer.go:132: PACKER-SORTED[5]: zeta urgency=2.0 pri=2 last=nil
2026/07/19 14:00:01 packer.go:132: PACKER-SORTED[6]: eta urgency=1.0 pri=1 last=nil
2026/07/19 14:00:01 loop.go:336: EVAL: 5 project(s) selected, 100/100 budget used
2026/07/19 14:00:01 slot_pool.go:100: SLOT: acquired for alpha (1/6 running)
2026/07/19 14:00:01 slot_pool.go:100: SLOT: acquired for gamma (2/6 running)
2026/07/19 14:00:01 slot_pool.go:100: SLOT: acquired for beta (3/6 running)
2026/07/19 14:00:01 slot_pool.go:100: SLOT: acquired for zeta (4/6 running)
2026/07/19 14:00:01 slot_pool.go:100: SLOT: acquired for epsilon (5/6 running)
2026/07/19 14:00:01 spawn.go:327: SPAWN: zeta tick=zeta-2026-07-19-14-00-01 pid=4090855 workdir=/tmp/scheduler-verify-337606364
2026/07/19 14:00:01 spawn.go:327: SPAWN: epsilon tick=epsilon-2026-07-19-14-00-01 pid=4090856 workdir=/tmp/scheduler-verify-337606364
2026/07/19 14:00:01 spawn.go:327: SPAWN: gamma tick=gamma-2026-07-19-14-00-01 pid=4090858 workdir=/tmp/scheduler-verify-337606364
2026/07/19 14:00:01 spawn.go:327: SPAWN: alpha tick=alpha-2026-07-19-14-00-01 pid=4090859 workdir=/tmp/scheduler-verify-337606364
2026/07/19 14:00:01 spawn.go:327: SPAWN: beta tick=beta-2026-07-19-14-00-01 pid=4090863 workdir=/tmp/scheduler-verify-337606364
2026/07/19 14:00:02 spawn.go:422: TICK: epsilon epsilon-2026-07-19-14-00-01 → failed (1s)
2026/07/19 14:00:03 spawn.go:422: TICK: alpha alpha-2026-07-19-14-00-01 → failed (2s)
2026/07/19 14:00:03 spawn.go:422: TICK: beta beta-2026-07-19-14-00-01 → failed (2s)
2026/07/19 14:00:04 packer.go:132: PACKER-SORTED[0]: alpha urgency=9.0 pri=9 last=nil
2026/07/19 14:00:04 packer.go:132: PACKER-SORTED[1]: epsilon urgency=9.0 pri=9 last=nil
2026/07/19 14:00:04 packer.go:132: PACKER-SORTED[2]: gamma urgency=8.0 pri=8 last=nil
2026/07/19 14:00:04 packer.go:132: PACKER-SORTED[3]: beta urgency=7.0 pri=7 last=nil
2026/07/19 14:00:04 packer.go:132: PACKER-SORTED[4]: delta urgency=4.0 pri=4 last=nil
2026/07/19 14:00:04 packer.go:132: PACKER-SORTED[5]: zeta urgency=2.0 pri=2 last=nil
2026/07/19 14:00:04 packer.go:132: PACKER-SORTED[6]: eta urgency=1.0 pri=1 last=nil
2026/07/19 14:00:04 loop.go:336: EVAL: 4 project(s) selected, 100/100 budget used
2026/07/19 14:00:04 slot_pool.go:100: SLOT: acquired for gamma (3/6 running)
2026/07/19 14:00:04 slot_pool.go:100: SLOT: acquired for alpha (4/6 running)
2026/07/19 14:00:04 slot_pool.go:100: SLOT: acquired for delta (5/6 running)
2026/07/19 14:00:04 slot_pool.go:100: SLOT: acquired for beta (6/6 running)
2026/07/19 14:00:04 spawn.go:327: SPAWN: gamma tick=gamma-2026-07-19-14-00-04 pid=4091309 workdir=/tmp/scheduler-verify-337606364
2026/07/19 14:00:04 spawn.go:327: SPAWN: delta tick=delta-2026-07-19-14-00-04 pid=4091310 workdir=/tmp/scheduler-verify-337606364
2026/07/19 14:00:04 spawn.go:327: SPAWN: beta tick=beta-2026-07-19-14-00-04 pid=4091311 workdir=/tmp/scheduler-verify-337606364
2026/07/19 14:00:04 spawn.go:327: SPAWN: alpha tick=alpha-2026-07-19-14-00-04 pid=4091312 workdir=/tmp/scheduler-verify-337606364
2026/07/19 14:00:04 spawn.go:422: TICK: gamma gamma-2026-07-19-14-00-01 → failed (3s)
2026/07/19 14:00:06 spawn.go:422: TICK: zeta zeta-2026-07-19-14-00-01 → failed (5s)
2026/07/19 14:00:06 spawn.go:422: TICK: alpha alpha-2026-07-19-14-00-04 → failed (2s)
2026/07/19 14:00:06 spawn.go:422: TICK: beta beta-2026-07-19-14-00-04 → failed (2s)
2026/07/19 14:00:07 packer.go:132: PACKER-SORTED[0]: alpha urgency=9.0 pri=9 last=nil
2026/07/19 14:00:07 packer.go:132: PACKER-SORTED[1]: epsilon urgency=9.0 pri=9 last=nil
2026/07/19 14:00:07 packer.go:132: PACKER-SORTED[2]: gamma urgency=8.0 pri=8 last=nil
2026/07/19 14:00:07 packer.go:132: PACKER-SORTED[3]: beta urgency=7.0 pri=7 last=nil
2026/07/19 14:00:07 packer.go:132: PACKER-SORTED[4]: delta urgency=4.0 pri=4 last=nil
2026/07/19 14:00:07 packer.go:132: PACKER-SORTED[5]: zeta urgency=2.0 pri=2 last=nil
2026/07/19 14:00:07 packer.go:132: PACKER-SORTED[6]: eta urgency=1.0 pri=1 last=nil
2026/07/19 14:00:07 packer.go:160: PACKER: max concurrency reached (6), stopping
2026/07/19 14:00:07 loop.go:336: EVAL: 4 project(s) selected, 70/100 budget used
2026/07/19 14:00:07 slot_pool.go:100: SLOT: acquired for gamma (4/6 running)
2026/07/19 14:00:07 slot_pool.go:100: SLOT: acquired for alpha (5/6 running)
2026/07/19 14:00:07 slot_pool.go:100: SLOT: acquired for epsilon (3/6 running)
2026/07/19 14:00:07 slot_pool.go:100: SLOT: acquired for zeta (6/6 running)
2026/07/19 14:00:07 spawn.go:327: SPAWN: alpha tick=alpha-2026-07-19-14-00-07 pid=4091603 workdir=/tmp/scheduler-verify-337606364
2026/07/19 14:00:07 spawn.go:327: SPAWN: gamma tick=gamma-2026-07-19-14-00-07 pid=4091602 workdir=/tmp/scheduler-verify-337606364
2026/07/19 14:00:07 spawn.go:327: SPAWN: zeta tick=zeta-2026-07-19-14-00-07 pid=4091604 workdir=/tmp/scheduler-verify-337606364
2026/07/19 14:00:07 spawn.go:327: SPAWN: epsilon tick=epsilon-2026-07-19-14-00-07 pid=4091605 workdir=/tmp/scheduler-verify-337606364
2026/07/19 14:00:07 spawn.go:422: TICK: gamma gamma-2026-07-19-14-00-04 → failed (3s)
2026/07/19 14:00:08 spawn.go:422: TICK: delta delta-2026-07-19-14-00-04 → failed (4s)
2026/07/19 14:00:08 spawn.go:422: TICK: epsilon epsilon-2026-07-19-14-00-07 → failed (1s)
2026/07/19 14:00:09 spawn.go:422: TICK: alpha alpha-2026-07-19-14-00-07 → failed (2s)
2026/07/19 14:00:10 spawn.go:422: TICK: gamma gamma-2026-07-19-14-00-07 → failed (3s)
2026/07/19 14:00:12 spawn.go:422: TICK: zeta zeta-2026-07-19-14-00-07 → failed (5s)
  ✓ No hanging ticks                         0 hanging
  ✗ All 7 projects got ticks                 6/7
  ✓ Budget never exceeded                    3 eval groups checked
  ✓ No duplicate spawns per eval             0 duplicates across 3 evals
  ✓ Session IDs captured                     0 ticks without session ID
  ✗ Priority descending within evals         higher priority projects spawned first

---
6 checks, 2 failures
❌ VERIFY FAILED
2026/07/19 14:00:15 main.go:96: VERIFY FAILED: 2/6 checks failed
