=== SCHEDULER VERIFY 2026-07-20T01:00:01+00:00 ===
2026/07/19 20:00:01 main.go:77: Database: /home/kara/.hermes/coding-hermes/scheduler.db (WAL mode)
2026/07/19 20:00:01 packer.go:132: PACKER-SORTED[0]: alpha urgency=9.0 pri=9 last=nil
2026/07/19 20:00:01 packer.go:132: PACKER-SORTED[1]: epsilon urgency=9.0 pri=9 last=nil
2026/07/19 20:00:01 packer.go:132: PACKER-SORTED[2]: gamma urgency=8.0 pri=8 last=nil
2026/07/19 20:00:01 packer.go:132: PACKER-SORTED[3]: beta urgency=7.0 pri=7 last=nil
2026/07/19 20:00:01 packer.go:132: PACKER-SORTED[4]: delta urgency=4.0 pri=4 last=nil
2026/07/19 20:00:01 packer.go:132: PACKER-SORTED[5]: zeta urgency=2.0 pri=2 last=nil
2026/07/19 20:00:01 packer.go:132: PACKER-SORTED[6]: eta urgency=1.0 pri=1 last=nil
2026/07/19 20:00:01 loop.go:336: EVAL: 5 project(s) selected, 100/100 budget used
2026/07/19 20:00:01 slot_pool.go:100: SLOT: acquired for epsilon (1/6 running)
2026/07/19 20:00:01 slot_pool.go:100: SLOT: acquired for alpha (2/6 running)
2026/07/19 20:00:01 slot_pool.go:100: SLOT: acquired for beta (3/6 running)
2026/07/19 20:00:01 slot_pool.go:100: SLOT: acquired for zeta (4/6 running)
2026/07/19 20:00:01 slot_pool.go:100: SLOT: acquired for gamma (5/6 running)
2026/07/19 20:00:01 spawn.go:327: SPAWN: zeta tick=zeta-2026-07-19-20-00-01 pid=3380488 workdir=/tmp/scheduler-verify-3244028022
2026/07/19 20:00:01 spawn.go:327: SPAWN: beta tick=beta-2026-07-19-20-00-01 pid=3380489 workdir=/tmp/scheduler-verify-3244028022
2026/07/19 20:00:01 spawn.go:327: SPAWN: gamma tick=gamma-2026-07-19-20-00-01 pid=3380485 workdir=/tmp/scheduler-verify-3244028022
2026/07/19 20:00:01 spawn.go:327: SPAWN: alpha tick=alpha-2026-07-19-20-00-01 pid=3380490 workdir=/tmp/scheduler-verify-3244028022
2026/07/19 20:00:01 spawn.go:327: SPAWN: epsilon tick=epsilon-2026-07-19-20-00-01 pid=3380487 workdir=/tmp/scheduler-verify-3244028022
2026/07/19 20:00:02 spawn.go:422: TICK: epsilon epsilon-2026-07-19-20-00-01 → failed (1s)
2026/07/19 20:00:03 spawn.go:422: TICK: beta beta-2026-07-19-20-00-01 → failed (2s)
2026/07/19 20:00:03 spawn.go:422: TICK: alpha alpha-2026-07-19-20-00-01 → failed (2s)
2026/07/19 20:00:04 packer.go:132: PACKER-SORTED[0]: alpha urgency=9.0 pri=9 last=nil
2026/07/19 20:00:04 packer.go:132: PACKER-SORTED[1]: epsilon urgency=9.0 pri=9 last=nil
2026/07/19 20:00:04 packer.go:132: PACKER-SORTED[2]: gamma urgency=8.0 pri=8 last=nil
2026/07/19 20:00:04 packer.go:132: PACKER-SORTED[3]: beta urgency=7.0 pri=7 last=nil
2026/07/19 20:00:04 packer.go:132: PACKER-SORTED[4]: delta urgency=4.0 pri=4 last=nil
2026/07/19 20:00:04 packer.go:132: PACKER-SORTED[5]: zeta urgency=2.0 pri=2 last=nil
2026/07/19 20:00:04 packer.go:132: PACKER-SORTED[6]: eta urgency=1.0 pri=1 last=nil
2026/07/19 20:00:04 packer.go:160: PACKER: max concurrency reached (6), stopping
2026/07/19 20:00:04 loop.go:336: EVAL: 4 project(s) selected, 90/100 budget used
2026/07/19 20:00:04 slot_pool.go:100: SLOT: acquired for epsilon (3/6 running)
2026/07/19 20:00:04 slot_pool.go:100: SLOT: acquired for alpha (4/6 running)
2026/07/19 20:00:04 slot_pool.go:100: SLOT: acquired for beta (5/6 running)
2026/07/19 20:00:04 slot_pool.go:100: SLOT: acquired for delta (6/6 running)
2026/07/19 20:00:04 spawn.go:327: SPAWN: alpha tick=alpha-2026-07-19-20-00-04 pid=3380616 workdir=/tmp/scheduler-verify-3244028022
2026/07/19 20:00:04 spawn.go:327: SPAWN: delta tick=delta-2026-07-19-20-00-04 pid=3380619 workdir=/tmp/scheduler-verify-3244028022
2026/07/19 20:00:04 spawn.go:327: SPAWN: beta tick=beta-2026-07-19-20-00-04 pid=3380618 workdir=/tmp/scheduler-verify-3244028022
2026/07/19 20:00:04 spawn.go:327: SPAWN: epsilon tick=epsilon-2026-07-19-20-00-04 pid=3380617 workdir=/tmp/scheduler-verify-3244028022
2026/07/19 20:00:04 spawn.go:422: TICK: gamma gamma-2026-07-19-20-00-01 → failed (3s)
2026/07/19 20:00:05 spawn.go:422: TICK: epsilon epsilon-2026-07-19-20-00-04 → failed (1s)
2026/07/19 20:00:06 spawn.go:422: TICK: zeta zeta-2026-07-19-20-00-01 → failed (5s)
2026/07/19 20:00:06 spawn.go:422: TICK: beta beta-2026-07-19-20-00-04 → failed (2s)
2026/07/19 20:00:06 spawn.go:422: TICK: alpha alpha-2026-07-19-20-00-04 → failed (2s)
2026/07/19 20:00:07 packer.go:132: PACKER-SORTED[0]: alpha urgency=9.0 pri=9 last=nil
2026/07/19 20:00:07 packer.go:132: PACKER-SORTED[1]: epsilon urgency=9.0 pri=9 last=nil
2026/07/19 20:00:07 packer.go:132: PACKER-SORTED[2]: gamma urgency=8.0 pri=8 last=nil
2026/07/19 20:00:07 packer.go:132: PACKER-SORTED[3]: beta urgency=7.0 pri=7 last=nil
2026/07/19 20:00:07 packer.go:132: PACKER-SORTED[4]: delta urgency=4.0 pri=4 last=nil
2026/07/19 20:00:07 packer.go:132: PACKER-SORTED[5]: zeta urgency=2.0 pri=2 last=nil
2026/07/19 20:00:07 packer.go:132: PACKER-SORTED[6]: eta urgency=1.0 pri=1 last=nil
2026/07/19 20:00:07 loop.go:336: EVAL: 5 project(s) selected, 100/100 budget used
2026/07/19 20:00:07 slot_pool.go:100: SLOT: acquired for alpha (2/6 running)
2026/07/19 20:00:07 slot_pool.go:100: SLOT: acquired for gamma (3/6 running)
2026/07/19 20:00:07 slot_pool.go:100: SLOT: acquired for beta (4/6 running)
2026/07/19 20:00:07 slot_pool.go:100: SLOT: acquired for zeta (5/6 running)
2026/07/19 20:00:07 slot_pool.go:100: SLOT: acquired for epsilon (6/6 running)
2026/07/19 20:00:07 spawn.go:327: SPAWN: alpha tick=alpha-2026-07-19-20-00-07 pid=3380867 workdir=/tmp/scheduler-verify-3244028022
2026/07/19 20:00:07 spawn.go:327: SPAWN: gamma tick=gamma-2026-07-19-20-00-07 pid=3380869 workdir=/tmp/scheduler-verify-3244028022
2026/07/19 20:00:07 spawn.go:327: SPAWN: epsilon tick=epsilon-2026-07-19-20-00-07 pid=3380868 workdir=/tmp/scheduler-verify-3244028022
2026/07/19 20:00:07 spawn.go:327: SPAWN: beta tick=beta-2026-07-19-20-00-07 pid=3380873 workdir=/tmp/scheduler-verify-3244028022
2026/07/19 20:00:07 spawn.go:327: SPAWN: zeta tick=zeta-2026-07-19-20-00-07 pid=3380874 workdir=/tmp/scheduler-verify-3244028022
2026/07/19 20:00:08 spawn.go:422: TICK: epsilon epsilon-2026-07-19-20-00-07 → failed (1s)
2026/07/19 20:00:08 spawn.go:422: TICK: delta delta-2026-07-19-20-00-04 → failed (4s)
2026/07/19 20:00:09 spawn.go:422: TICK: alpha alpha-2026-07-19-20-00-07 → failed (2s)
2026/07/19 20:00:09 spawn.go:422: TICK: beta beta-2026-07-19-20-00-07 → failed (2s)
2026/07/19 20:00:10 spawn.go:422: TICK: gamma gamma-2026-07-19-20-00-07 → failed (3s)
2026/07/19 20:00:12 spawn.go:422: TICK: zeta zeta-2026-07-19-20-00-07 → failed (5s)
  ✓ No hanging ticks                         0 hanging
  ✗ All 7 projects got ticks                 6/7
  ✓ Budget never exceeded                    3 eval groups checked
  ✓ No duplicate spawns per eval             0 duplicates across 3 evals
  ✓ Session IDs captured                     0 ticks without session ID
  ✗ Priority descending within evals         higher priority projects spawned first

---
6 checks, 2 failures
❌ VERIFY FAILED
2026/07/19 20:00:15 main.go:97: VERIFY FAILED: 2/6 checks failed
